# JRE version: Java(TM) SE Runtime Environment (17.0.12+8) (build 17.0.12+8-LTS-286)
# Java VM: Java HotSpot(TM) 64-Bit Server VM (17.0.12+8-LTS-286, mixed mode, sharing, tiered, compressed oops, compressed class ptrs, g1 gc, windows-amd64)
GC Precious Log:
 CPUs: 12 total, 12 available
 Memory: 15740M
 Large Page Support: Disabled
 NUMA Support: Disabled
 Compressed Oops: Enabled (Zero based)
 Heap Region Size: 2M
 Heap Min Capacity: 8M
 Heap Initial Capacity: 246M
 Heap Max Capacity: 3936M
 Pre-touch: Disabled
 Parallel Workers: 10
 Concurrent Workers: 3
 Concurrent Refinement Workers: 10
 Periodic GC: Disabled
Heap:
 garbage-first heap   total 251904K, used 86132K [0x000000070a000000, 0x0000000800000000)
  region size 2048K, 41 young (83968K), 1 survivors (2048K)
 Metaspace       used 9088K, committed 9216K, reserved 1114112K
  class space    used 956K, committed 1024K, reserved 1048576K
GC Heap History (20 events):
Event: 74.827 GC heap before
{Heap before GC invocations=3 (full 0):
 garbage-first heap   total 251904K, used 153486K [0x000000070a000000, 0x0000000800000000)
  region size 2048K, 73 young (149504K), 1 survivors (2048K)
 Metaspace       used 9058K, committed 9216K, reserved 1114112K
  class space    used 954K, committed 1024K, reserved 1048576K
}
Event: 74.828 GC heap after
{Heap after GC invocations=4 (full 0):
 garbage-first heap   total 251904K, used 6220K [0x000000070a000000, 0x0000000800000000)
  region size 2048K, 1 young (2048K), 1 survivors (2048K)
 Metaspace       used 9058K, committed 9216K, reserved 1114112K
  class space    used 954K, committed 1024K, reserved 1048576K
}
Event: 124.127 GC heap before
{Heap before GC invocations=4 (full 0):
 garbage-first heap   total 251904K, used 153676K [0x000000070a000000, 0x0000000800000000)
  region size 2048K, 73 young (149504K), 1 survivors (2048K)
 Metaspace       used 9062K, committed 9216K, reserved 1114112K
  class space    used 954K, committed 1024K, reserved 1048576K
}
Event: 124.128 GC heap after
{Heap after GC invocations=5 (full 0):
 garbage-first heap   total 251904K, used 6051K [0x000000070a000000, 0x0000000800000000)
  region size 2048K, 1 young (2048K), 1 survivors (2048K)
 Metaspace       used 9062K, committed 9216K, reserved 1114112K
  class space    used 954K, committed 1024K, reserved 1048576K
}
Event: 171.151 GC heap before
{Heap before GC invocations=5 (full 0):
 garbage-first heap   total 251904K, used 153507K [0x000000070a000000, 0x0000000800000000)
  region size 2048K, 73 young (149504K), 1 survivors (2048K)
 Metaspace       used 9067K, committed 9216K, reserved 1114112K
  class space    used 954K, committed 1024K, reserved 1048576K
}
Event: 171.152 GC heap after
{Heap after GC invocations=6 (full 0):
 garbage-first heap   total 251904K, used 6096K [0x000000070a000000, 0x0000000800000000)
  region size 2048K, 1 young (2048K), 1 survivors (2048K)
 Metaspace       used 9067K, committed 9216K, reserved 1114112K
  class space    used 954K, committed 1024K, reserved 1048576K
}
Event: 220.536 GC heap before
{Heap before GC invocations=6 (full 0):
 garbage-first heap   total 251904K, used 153552K [0x000000070a000000, 0x0000000800000000)
  region size 2048K, 73 young (149504K), 1 survivors (2048K)
 Metaspace       used 9067K, committed 9216K, reserved 1114112K
  class space    used 954K, committed 1024K, reserved 1048576K
}
Event: 220.537 GC heap after
{Heap after GC invocations=7 (full 0):
 garbage-first heap   total 251904K, used 6467K [0x000000070a000000, 0x0000000800000000)
  region size 2048K, 1 young (2048K), 1 survivors (2048K)
 Metaspace       used 9067K, committed 9216K, reserved 1114112K
  class space    used 954K, committed 1024K, reserved 1048576K
}
Event: 270.926 GC heap before
{Heap before GC invocations=7 (full 0):
 garbage-first heap   total 251904K, used 153923K [0x000000070a000000, 0x0000000800000000)
  region size 2048K, 73 young (149504K), 1 survivors (2048K)
 Metaspace       used 9067K, committed 9216K, reserved 1114112K
  class space    used 954K, committed 1024K, reserved 1048576K
}
Event: 270.926 GC heap after
{Heap after GC invocations=8 (full 0):
 garbage-first heap   total 251904K, used 6042K [0x000000070a000000, 0x0000000800000000)
  region size 2048K, 1 young (2048K), 1 survivors (2048K)
 Metaspace       used 9067K, committed 9216K, reserved 1114112K
  class space    used 954K, committed 1024K, reserved 1048576K
}
Event: 318.418 GC heap before
{Heap before GC invocations=8 (full 0):
 garbage-first heap   total 251904K, used 153498K [0x000000070a000000, 0x0000000800000000)
  region size 2048K, 73 young (149504K), 1 survivors (2048K)
 Metaspace       used 9069K, committed 9216K, reserved 1114112K
  class space    used 954K, committed 1024K, reserved 1048576K
}
Event: 318.419 GC heap after
{Heap after GC invocations=9 (full 0):
 garbage-first heap   total 251904K, used 6028K [0x000000070a000000, 0x0000000800000000)
  region size 2048K, 1 young (2048K), 1 survivors (2048K)
 Metaspace       used 9069K, committed 9216K, reserved 1114112K
  class space    used 954K, committed 1024K, reserved 1048576K
}
Event: 368.290 GC heap before
{Heap before GC invocations=9 (full 0):
 garbage-first heap   total 251904K, used 153484K [0x000000070a000000, 0x0000000800000000)
  region size 2048K, 73 young (149504K), 1 survivors (2048K)
 Metaspace       used 9070K, committed 9216K, reserved 1114112K
  class space    used 954K, committed 1024K, reserved 1048576K
}
Event: 368.291 GC heap after
{Heap after GC invocations=10 (full 0):
 garbage-first heap   total 251904K, used 6080K [0x000000070a000000, 0x0000000800000000)
  region size 2048K, 1 young (2048K), 1 survivors (2048K)
 Metaspace       used 9070K, committed 9216K, reserved 1114112K
  class space    used 954K, committed 1024K, reserved 1048576K
}
Event: 418.055 GC heap before
{Heap before GC invocations=10 (full 0):
 garbage-first heap   total 251904K, used 153536K [0x000000070a000000, 0x0000000800000000)
  region size 2048K, 73 young (149504K), 1 survivors (2048K)
 Metaspace       used 9079K, committed 9216K, reserved 1114112K
  class space    used 954K, committed 1024K, reserved 1048576K
}
Event: 418.055 GC heap after
{Heap after GC invocations=11 (full 0):
 garbage-first heap   total 251904K, used 6032K [0x000000070a000000, 0x0000000800000000)
  region size 2048K, 1 young (2048K), 1 survivors (2048K)
 Metaspace       used 9079K, committed 9216K, reserved 1114112K
  class space    used 954K, committed 1024K, reserved 1048576K
}
Event: 465.207 GC heap before
{Heap before GC invocations=11 (full 0):
 garbage-first heap   total 251904K, used 153488K [0x000000070a000000, 0x0000000800000000)
  region size 2048K, 73 young (149504K), 1 survivors (2048K)
 Metaspace       used 9080K, committed 9216K, reserved 1114112K
  class space    used 954K, committed 1024K, reserved 1048576K
}
Event: 465.208 GC heap after
{Heap after GC invocations=12 (full 0):
 garbage-first heap   total 251904K, used 6152K [0x000000070a000000, 0x0000000800000000)
  region size 2048K, 1 young (2048K), 1 survivors (2048K)
 Metaspace       used 9080K, committed 9216K, reserved 1114112K
  class space    used 954K, committed 1024K, reserved 1048576K
}
Event: 515.172 GC heap before
{Heap before GC invocations=12 (full 0):
 garbage-first heap   total 251904K, used 153608K [0x000000070a000000, 0x0000000800000000)
  region size 2048K, 73 young (149504K), 1 survivors (2048K)
 Metaspace       used 9080K, committed 9216K, reserved 1114112K
  class space    used 954K, committed 1024K, reserved 1048576K
}
Event: 515.173 GC heap after
{Heap after GC invocations=13 (full 0):
 garbage-first heap   total 251904K, used 6260K [0x000000070a000000, 0x0000000800000000)
  region size 2048K, 1 young (2048K), 1 survivors (2048K)
 Metaspace       used 9080K, committed 9216K, reserved 1114112K
  class space    used 954K, committed 1024K, reserved 1048576K
}

