# JRE version: Java(TM) SE Runtime Environment (17.0.12+8) (build 17.0.12+8-LTS-286)
# Java VM: Java HotSpot(TM) 64-Bit Server VM (17.0.12+8-LTS-286, mixed mode, sharing, tiered, compressed oops, compressed class ptrs, g1 gc, windows-amd64)
GC Precious Log:
 CPUs: 12 total, 12 available
 Memory: 15740M
 Large Page Support: Disabled
 NUMA Support: Disabled
 Compressed Oops: Enabled (Zero based)
 Heap Region Size: 2M
 Heap Min Capacity: 8M
 Heap Initial Capacity: 246M
 Heap Max Capacity: 3936M
 Pre-touch: Disabled
 Parallel Workers: 10
 Concurrent Workers: 3
 Concurrent Refinement Workers: 10
 Periodic GC: Disabled
Heap:
 garbage-first heap   total 251904K, used 184494K [0x000000070a000000, 0x0000000800000000)
  region size 2048K, 69 young (141312K), 1 survivors (2048K)
 Metaspace       used 17264K, committed 17472K, reserved 1114112K
  class space    used 1877K, committed 1984K, reserved 1048576K
GC Heap History (16 events):
Event: 1.871 GC heap before
{Heap before GC invocations=0 (full 0):
 garbage-first heap   total 251904K, used 22528K [0x000000070a000000, 0x0000000800000000)
  region size 2048K, 11 young (22528K), 0 survivors (0K)
 Metaspace       used 11538K, committed 11712K, reserved 1114112K
  class space    used 1365K, committed 1472K, reserved 1048576K
}
Event: 1.873 GC heap after
{Heap after GC invocations=1 (full 0):
 garbage-first heap   total 251904K, used 6893K [0x000000070a000000, 0x0000000800000000)
  region size 2048K, 2 young (4096K), 2 survivors (4096K)
 Metaspace       used 11538K, committed 11712K, reserved 1114112K
  class space    used 1365K, committed 1472K, reserved 1048576K
}
Event: 7.069 GC heap before
{Heap before GC invocations=1 (full 0):
 garbage-first heap   total 251904K, used 27373K [0x000000070a000000, 0x0000000800000000)
  region size 2048K, 12 young (24576K), 2 survivors (4096K)
 Metaspace       used 12012K, committed 12288K, reserved 1114112K
  class space    used 1369K, committed 1536K, reserved 1048576K
}
Event: 7.070 GC heap after
{Heap after GC invocations=2 (full 0):
 garbage-first heap   total 251904K, used 6804K [0x000000070a000000, 0x0000000800000000)
  region size 2048K, 1 young (2048K), 1 survivors (2048K)
 Metaspace       used 12012K, committed 12288K, reserved 1114112K
  class space    used 1369K, committed 1536K, reserved 1048576K
}
Event: 22.997 GC heap before
{Heap before GC invocations=2 (full 0):
 garbage-first heap   total 251904K, used 62100K [0x000000070a000000, 0x0000000800000000)
  region size 2048K, 29 young (59392K), 1 survivors (2048K)
 Metaspace       used 12830K, committed 13056K, reserved 1114112K
  class space    used 1419K, committed 1536K, reserved 1048576K
}
Event: 22.998 GC heap after
{Heap after GC invocations=3 (full 0):
 garbage-first heap   total 251904K, used 6783K [0x000000070a000000, 0x0000000800000000)
  region size 2048K, 1 young (2048K), 1 survivors (2048K)
 Metaspace       used 12830K, committed 13056K, reserved 1114112K
  class space    used 1419K, committed 1536K, reserved 1048576K
}
Event: 63.523 GC heap before
{Heap before GC invocations=3 (full 0):
 garbage-first heap   total 251904K, used 187007K [0x000000070a000000, 0x0000000800000000)
  region size 2048K, 73 young (149504K), 1 survivors (2048K)
 Metaspace       used 16295K, committed 16576K, reserved 1114112K
  class space    used 1802K, committed 1920K, reserved 1048576K
}
Event: 63.525 GC heap after
{Heap after GC invocations=4 (full 0):
 garbage-first heap   total 251904K, used 42625K [0x000000070a000000, 0x0000000800000000)
  region size 2048K, 1 young (2048K), 1 survivors (2048K)
 Metaspace       used 16295K, committed 16576K, reserved 1114112K
  class space    used 1802K, committed 1920K, reserved 1048576K
}
Event: 112.303 GC heap before
{Heap before GC invocations=4 (full 0):
 garbage-first heap   total 251904K, used 196225K [0x000000070a000000, 0x0000000800000000)
  region size 2048K, 73 young (149504K), 1 survivors (2048K)
 Metaspace       used 16341K, committed 16576K, reserved 1114112K
  class space    used 1802K, committed 1920K, reserved 1048576K
}
Event: 112.304 GC heap after
{Heap after GC invocations=5 (full 0):
 garbage-first heap   total 251904K, used 38738K [0x000000070a000000, 0x0000000800000000)
  region size 2048K, 1 young (2048K), 1 survivors (2048K)
 Metaspace       used 16341K, committed 16576K, reserved 1114112K
  class space    used 1802K, committed 1920K, reserved 1048576K
}
Event: 156.887 GC heap before
{Heap before GC invocations=5 (full 0):
 garbage-first heap   total 251904K, used 200530K [0x000000070a000000, 0x0000000800000000)
  region size 2048K, 73 young (149504K), 1 survivors (2048K)
 Metaspace       used 16943K, committed 17152K, reserved 1114112K
  class space    used 1867K, committed 1984K, reserved 1048576K
}
Event: 156.888 GC heap after
{Heap after GC invocations=6 (full 0):
 garbage-first heap   total 251904K, used 47083K [0x000000070a000000, 0x0000000800000000)
  region size 2048K, 1 young (2048K), 1 survivors (2048K)
 Metaspace       used 16943K, committed 17152K, reserved 1114112K
  class space    used 1867K, committed 1984K, reserved 1048576K
}
Event: 181.227 GC heap before
{Heap before GC invocations=6 (full 0):
 garbage-first heap   total 251904K, used 194539K [0x000000070a000000, 0x0000000800000000)
  region size 2048K, 73 young (149504K), 1 survivors (2048K)
 Metaspace       used 17103K, committed 17280K, reserved 1114112K
  class space    used 1876K, committed 1984K, reserved 1048576K
}
Event: 181.228 GC heap after
{Heap after GC invocations=7 (full 0):
 garbage-first heap   total 251904K, used 31071K [0x000000070a000000, 0x0000000800000000)
  region size 2048K, 2 young (4096K), 2 survivors (4096K)
 Metaspace       used 17103K, committed 17280K, reserved 1114112K
  class space    used 1876K, committed 1984K, reserved 1048576K
}
Event: 205.110 GC heap before
{Heap before GC invocations=7 (full 0):
 garbage-first heap   total 251904K, used 176479K [0x000000070a000000, 0x0000000800000000)
  region size 2048K, 73 young (149504K), 2 survivors (4096K)
 Metaspace       used 17132K, committed 17344K, reserved 1114112K
  class space    used 1876K, committed 1984K, reserved 1048576K
}
Event: 205.111 GC heap after
{Heap after GC invocations=8 (full 0):
 garbage-first heap   total 251904K, used 30894K [0x000000070a000000, 0x0000000800000000)
  region size 2048K, 1 young (2048K), 1 survivors (2048K)
 Metaspace       used 17132K, committed 17344K, reserved 1114112K
  class space    used 1876K, committed 1984K, reserved 1048576K
}

